{"name": "test_orders_info[chrome]", "status": "failed", "statusDetails": {"message": "AssertionError", "trace": "self = <tests.test_order.TestOrdersPage object at 0x000001F28055F890>\ndriver = <selenium.webdriver.chrome.webdriver.WebDriver (session=\"e757671e9e94e63433bbc9ed371d444d\")>\nmain_page = <src.pages.main_page.MainStellarBurgersPage object at 0x000001F280B2F6C0>\ncreate_fake_user = {'email': 'dementi_2000@example.org', 'name': 'Галина Федоровна Капустина', 'password': 'Jh1VsgTw$2'}, register_user = None\n\n    def test_orders_info(self, driver: WebDriver, main_page, create_fake_user, register_user):\n        # Открыть главную страницу\n        main_page = MainStellarBurgersPage(driver)\n        # Нажать на кнопку Личного кабинета\n        authorization_form = main_page.click_personal_account()\n        # Ввод email\n        authorization_form.input_email(create_fake_user[\"email\"])\n        # Ввод пароля\n        authorization_form.input_password(create_fake_user[\"password\"])\n        # Нажать на кнопку Войти\n        personal_account = authorization_form.click_entry_button()\n        # Нажать на кпопку Лента заказов\n        list_orders = personal_account.click_list_order_button()\n        # Получения всех заказов до оформеления\n        all_orders = list_orders.get_all_orders()\n        # Получения всех заказов за текущий день до оформления\n        all_orders_today = list_orders.get_all_orders_today()\n        # Нажать на кнопку конструктора\n        constructor = personal_account.click_constructor_button()\n        # Добавление ингредиентов\n        constructor.drag_to_element()\n        # Нажать на кнопку оформления заказа\n        order = constructor.click_order_button()\n        # Проверка создания заказа\n        order.check_order_number()\n        # Закрыть окна оформления заказа через refresh\n        driver.refresh()\n        # Нажать на кнопку Личного кабинета\n        personal_account.click_personal_account()\n        # Нажать на кнопку с историей заказов\n        personal_account.click_order_history()\n        # Получаем номер заказа\n        order_number = personal_account.get_order_number()\n        # Нажать на кпопку Лента заказов\n        list_orders = personal_account.click_list_order_button()\n        # Проверка изменения увелечения счетчика Выполнено за всё время\n        list_orders.check_all_order(all_orders)\n        # Проверка изменения увелечения счетчика Выполнено за сегодня\n        list_orders.check_all_order_today(all_orders_today)\n        # Проверка номера заказа\n>       list_orders.check_order_in_work(order_number)\n\ntests\\test_order.py:119: \n_ _ _ _ _ _ _ _ _ _ _ _ _ _ _ _ _ _ _ _ _ _ _ _ _ _ _ _ _ _ _ _ _ _ _ _ _ _ _ _ _ _ _ _ _ _ _ _ _ _ _ _ _ _ _ _ _ _ _ _ _ _ _ _ _ _ _ _ _ _ _ \n\nself = <src.pages.list_order_page.ListOrderPage object at 0x000001F280535480>, number = '#0297717'\n\n    @allure.step('Проверка номера заказа в работе')\n    def check_order_in_work(self, number):\n        number_in_work = self.get_all_order_in_work()\n        number_in_work = f'#{number_in_work}'\n>       assert number == number_in_work\n               ^^^^^^^^^^^^^^^^^^^^^^^^\nE       AssertionError\n\nsrc\\pages\\list_order_page.py:59: AssertionError"}, "steps": [{"name": "Нажать на Личный кабинет", "status": "passed", "start": 1759167112436, "stop": 1759167112539}, {"name": "Ввод email", "status": "passed", "parameters": [{"name": "email", "value": "'dementi_2000@example.org'"}], "start": 1759167112539, "stop": 1759167112635}, {"name": "Ввод password", "status": "passed", "parameters": [{"name": "password", "value": "'Jh1VsgTw$2'"}], "start": 1759167112635, "stop": 1759167112700}, {"name": "Нажать на кнопку Войти", "status": "passed", "start": 1759167112700, "stop": 1759167112794}, {"name": "Нажать на Лента заказов", "status": "passed", "start": 1759167112794, "stop": 1759167113207}, {"name": "Получение всех заказов до оформления", "status": "passed", "start": 1759167113207, "stop": 1759167113870}, {"name": "Получение всех заказов за сегодня до оформления", "status": "passed", "start": 1759167113870, "stop": 1759167113886}, {"name": "Нажать на Конструктор", "status": "passed", "start": 1759167113886, "stop": 1759167113952}, {"name": "Добавить Флюоресцентная булка R2-D3 в заказ", "status": "passed", "start": 1759167113952, "stop": 1759167114544}, {"name": "Нажать на кнопку оформления заказа", "status": "passed", "start": 1759167114544, "stop": 1759167114610}, {"name": "Проверка появления номера заказа после оформления", "status": "passed", "start": 1759167114610, "stop": 1759167114628}, {"name": "Нажать на Личный кабинет", "status": "passed", "start": 1759167114869, "stop": 1759167115103}, {"name": "Нажать на История заказов", "status": "passed", "start": 1759167115104, "stop": 1759167115301}, {"name": "Получение номера заказа", "status": "passed", "start": 1759167115301, "stop": 1759167116068}, {"name": "Нажать на Лента заказов", "status": "passed", "start": 1759167116068, "stop": 1759167116125}, {"name": "Проверка изменения счетчика всех заказов", "status": "passed", "steps": [{"name": "Получение всех заказов до оформления", "status": "passed", "start": 1759167116125, "stop": 1759167116843}], "parameters": [{"name": "orders", "value": "'Выполнено за все время:\n297718'"}], "start": 1759167116125, "stop": 1759167116843}, {"name": "Проверка изменения счетчика всех заказов", "status": "passed", "steps": [{"name": "Получение всех заказов за сегодня до оформления", "status": "passed", "start": 1759167116844, "stop": 1759167116856}], "parameters": [{"name": "orders", "value": "'Выполнено за сегодня:\n460'"}], "start": 1759167116844, "stop": 1759167116856}, {"name": "Проверка номера заказа в работе", "status": "failed", "statusDetails": {"message": "AssertionError\n", "trace": "  File \"C:\\Users\\Dmitry\\AppData\\Local\\Programs\\Python\\Python313\\Lib\\site-packages\\allure_commons\\_allure.py\", line 202, in impl\n    return func(*a, **kw)\n  File \"C:\\Users\\Dmitry\\Desktop\\Python YP\\Diplom_3\\src\\pages\\list_order_page.py\", line 59, in check_order_in_work\n    assert number == number_in_work\n           ^^^^^^^^^^^^^^^^^^^^^^^^\n"}, "steps": [{"name": "Получение заказа в работе", "status": "passed", "start": 1759167116857, "stop": 1759167120412}], "parameters": [{"name": "number", "value": "'#0297717'"}], "start": 1759167116857, "stop": 1759167120412}], "parameters": [{"name": "driver", "value": "'chrome'"}], "start": 1759167112436, "stop": 1759167120414, "uuid": "47c47ef4-76d4-4171-b913-7fd1d3c71785", "historyId": "d82ff515338dc30f4ec556277ab85768", "testCaseId": "79dfe4f2d5014986625cb7ed9d87f755", "fullName": "tests.test_order.TestOrdersPage#test_orders_info", "labels": [{"name": "parentSuite", "value": "tests"}, {"name": "suite", "value": "test_order"}, {"name": "subSuite", "value": "TestOrdersPage"}, {"name": "host", "value": "DESKTOP-A445VSF"}, {"name": "thread", "value": "23668-MainThread"}, {"name": "framework", "value": "pytest"}, {"name": "language", "value": "cpython3"}, {"name": "package", "value": "tests.test_order"}], "titlePath": ["tests", "test_order.py", "TestOrdersPage"]}