{"name": "test_active_show_password_field[chrome]", "status": "broken", "statusDetails": {"message": "selenium.common.exceptions.TimeoutException: Message: \nStacktrace:\n\tGetHandleVerifier [0x0x7ff737aafc95+79861]\n\tGetHandleVerifier [0x0x7ff737aafcf0+79952]\n\t(No symbol) [0x0x7ff73782cada]\n\t(No symbol) [0x0x7ff737884457]\n\t(No symbol) [0x0x7ff73788471c]\n\t(No symbol) [0x0x7ff7378d8217]\n\t(No symbol) [0x0x7ff7378acb1f]\n\t(No symbol) [0x0x7ff7378d4f8b]\n\t(No symbol) [0x0x7ff7378ac8b3]\n\t(No symbol) [0x0x7ff737875272]\n\t(No symbol) [0x0x7ff737876043]\n\tGetHandleVerifier [0x0x7ff737d6b9cd+2946349]\n\tGetHandleVerifier [0x0x7ff737d65c4a+2922410]\n\tGetHandleVerifier [0x0x7ff737d859d7+3052855]\n\tGetHandleVerifier [0x0x7ff737acaa7e+189918]\n\tGetHandleVerifier [0x0x7ff737ad2a1f+222591]\n\tGetHandleVerifier [0x0x7ff737ab8ab4+116244]\n\tGetHandleVerifier [0x0x7ff737ab8c69+116681]\n\tGetHandleVerifier [0x0x7ff737a9f048+11176]\n\tBaseThreadInitThunk [0x0x7ffe3429e8d7+23]\n\tRtlUserThreadStart [0x0x7ffe36388d9c+44]", "trace": "self = <tests.test_recovery_password.TestOrderHistoryPage object at 0x00000288A3C12350>\ndriver = <selenium.webdriver.chrome.webdriver.WebDriver (session=\"a9537f6d2a195c88a244939affc43cd2\")>\nmain_page = <src.pages.main_page.MainStellarBurgersPage object at 0x00000288A42142D0>\ncreate_fake_user = {'email': 'moise2002@example.org', 'name': 'Глафира Александровна Силина', 'password': '$X!R^oLy(9'}\n\n    def test_active_show_password_field(self, driver: WebDriver, main_page, create_fake_user):\n        # Открыть главную страницу\n        main_page = MainStellarBurgersPage(driver)\n        # Нажать на кнопку Личного кабинета\n        authorization_form = main_page.click_personal_account()\n        # Нажать на кпопку Восстановить пароль\n        recovery_form = authorization_form.click_recovery_password()\n        # Ввод email\n        recovery_form.input_email(create_fake_user[\"email\"])\n        # Нажать на кнопку Восстаносить\n        recovery_form.click_recovery_button()\n        # Проверить, что поле ввода пароля не показывает пароль\n        recovery_form.check_inactive_show_button()\n        # Нажать на поле для отображение пароля\n        recovery_form.click_show_password_button()\n        # Проверить, что поле ввода пароля показывает пароль\n>       recovery_form.check_active_show_button()\n\ntests\\test_recovery_password.py:23: \n_ _ _ _ _ _ _ _ _ _ _ _ _ _ _ _ _ _ _ _ _ _ _ _ _ _ _ _ _ _ _ _ _ _ _ _ _ _ _ _ _ _ _ _ _ _ _ _ _ _ _ _ _ _ _ _ _ _ _ _ _ _ _ _ _ _ _ _ _ _ _ _ _ _ _ _ _ _ _ _ _ _ _ _ _ _ _\nsrc\\pages\\recovery_page.py:29: in check_active_show_button\n    assert self.waiting_visibility_element(self.ACTIVE_SHOW_PASSWORD)\n           ^^^^^^^^^^^^^^^^^^^^^^^^^^^^^^^^^^^^^^^^^^^^^^^^^^^^^^^^^^\nsrc\\pages\\base_page.py:23: in waiting_visibility_element\n    return WebDriverWait(self.driver, 5).until(expected_conditions.visibility_of_element_located(locator))\n           ^^^^^^^^^^^^^^^^^^^^^^^^^^^^^^^^^^^^^^^^^^^^^^^^^^^^^^^^^^^^^^^^^^^^^^^^^^^^^^^^^^^^^^^^^^^^^^^\n_ _ _ _ _ _ _ _ _ _ _ _ _ _ _ _ _ _ _ _ _ _ _ _ _ _ _ _ _ _ _ _ _ _ _ _ _ _ _ _ _ _ _ _ _ _ _ _ _ _ _ _ _ _ _ _ _ _ _ _ _ _ _ _ _ _ _ _ _ _ _ _ _ _ _ _ _ _ _ _ _ _ _ _ _ _ _\n\nself = <selenium.webdriver.support.wait.WebDriverWait (session=\"a9537f6d2a195c88a244939affc43cd2\")>\nmethod = <function visibility_of_element_located.<locals>._predicate at 0x00000288A01BAC00>, message = ''\n\n    def until(self, method: Callable[[D], Union[Literal[False], T]], message: str = \"\") -> T:\n        \"\"\"Wait until the method returns a value that is not False.\n    \n        Calls the method provided with the driver as an argument until the\n        return value does not evaluate to ``False``.\n    \n        Parameters:\n        -----------\n        method: callable(WebDriver)\n            - A callable object that takes a WebDriver instance as an argument.\n    \n        message: str\n            - Optional message for :exc:`TimeoutException`\n    \n        Return:\n        -------\n        object: T\n            - The result of the last call to `method`\n    \n        Raises:\n        -------\n        TimeoutException\n            - If 'method' does not return a truthy value within the WebDriverWait\n            object's timeout\n    \n        Example:\n        --------\n        >>> from selenium.webdriver.common.by import By\n        >>> from selenium.webdriver.support.ui import WebDriverWait\n        >>> from selenium.webdriver.support import expected_conditions as EC\n    \n        # Wait until an element is visible on the page\n        >>> wait = WebDriverWait(driver, 10)\n        >>> element = wait.until(EC.visibility_of_element_located((By.ID, \"exampleId\")))\n        >>> print(element.text)\n        \"\"\"\n        screen = None\n        stacktrace = None\n    \n        end_time = time.monotonic() + self._timeout\n        while True:\n            try:\n                value = method(self._driver)\n                if value:\n                    return value\n            except self._ignored_exceptions as exc:\n                screen = getattr(exc, \"screen\", None)\n                stacktrace = getattr(exc, \"stacktrace\", None)\n            if time.monotonic() > end_time:\n                break\n            time.sleep(self._poll)\n>       raise TimeoutException(message, screen, stacktrace)\nE       selenium.common.exceptions.TimeoutException: Message: \nE       Stacktrace:\nE       \tGetHandleVerifier [0x0x7ff737aafc95+79861]\nE       \tGetHandleVerifier [0x0x7ff737aafcf0+79952]\nE       \t(No symbol) [0x0x7ff73782cada]\nE       \t(No symbol) [0x0x7ff737884457]\nE       \t(No symbol) [0x0x7ff73788471c]\nE       \t(No symbol) [0x0x7ff7378d8217]\nE       \t(No symbol) [0x0x7ff7378acb1f]\nE       \t(No symbol) [0x0x7ff7378d4f8b]\nE       \t(No symbol) [0x0x7ff7378ac8b3]\nE       \t(No symbol) [0x0x7ff737875272]\nE       \t(No symbol) [0x0x7ff737876043]\nE       \tGetHandleVerifier [0x0x7ff737d6b9cd+2946349]\nE       \tGetHandleVerifier [0x0x7ff737d65c4a+2922410]\nE       \tGetHandleVerifier [0x0x7ff737d859d7+3052855]\nE       \tGetHandleVerifier [0x0x7ff737acaa7e+189918]\nE       \tGetHandleVerifier [0x0x7ff737ad2a1f+222591]\nE       \tGetHandleVerifier [0x0x7ff737ab8ab4+116244]\nE       \tGetHandleVerifier [0x0x7ff737ab8c69+116681]\nE       \tGetHandleVerifier [0x0x7ff737a9f048+11176]\nE       \tBaseThreadInitThunk [0x0x7ffe3429e8d7+23]\nE       \tRtlUserThreadStart [0x0x7ffe36388d9c+44]\n\n..\\..\\..\\AppData\\Local\\Programs\\Python\\Python313\\Lib\\site-packages\\selenium\\webdriver\\support\\wait.py:138: TimeoutException"}, "steps": [{"name": "Нажать на Личный кабинет", "status": "passed", "start": 1759068629076, "stop": 1759068629216}, {"name": "Нажать на кнопку Восстановить пароль", "status": "passed", "start": 1759068629216, "stop": 1759068629292}, {"name": "Ввод email", "status": "passed", "parameters": [{"name": "email", "value": "'moise2002@example.org'"}], "start": 1759068629292, "stop": 1759068629449}, {"name": "Нажать на кнопку Восстановить", "status": "passed", "start": 1759068629450, "stop": 1759068629537}, {"name": "Проверка неактивности поля Пароль", "status": "passed", "start": 1759068629537, "stop": 1759068639554}, {"name": "Нажать на кнопку Показать пароль", "status": "passed", "start": 1759068639554, "stop": 1759068639658}, {"name": "Проверка активности поля Пароль", "status": "broken", "statusDetails": {"message": "selenium.common.exceptions.TimeoutException: Message: \nStacktrace:\n\tGetHandleVerifier [0x0x7ff737aafc95+79861]\n\tGetHandleVerifier [0x0x7ff737aafcf0+79952]\n\t(No symbol) [0x0x7ff73782cada]\n\t(No symbol) [0x0x7ff737884457]\n\t(No symbol) [0x0x7ff73788471c]\n\t(No symbol) [0x0x7ff7378d8217]\n\t(No symbol) [0x0x7ff7378acb1f]\n\t(No symbol) [0x0x7ff7378d4f8b]\n\t(No symbol) [0x0x7ff7378ac8b3]\n\t(No symbol) [0x0x7ff737875272]\n\t(No symbol) [0x0x7ff737876043]\n\tGetHandleVerifier [0x0x7ff737d6b9cd+2946349]\n\tGetHandleVerifier [0x0x7ff737d65c4a+2922410]\n\tGetHandleVerifier [0x0x7ff737d859d7+3052855]\n\tGetHandleVerifier [0x0x7ff737acaa7e+189918]\n\tGetHandleVerifier [0x0x7ff737ad2a1f+222591]\n\tGetHandleVerifier [0x0x7ff737ab8ab4+116244]\n\tGetHandleVerifier [0x0x7ff737ab8c69+116681]\n\tGetHandleVerifier [0x0x7ff737a9f048+11176]\n\tBaseThreadInitThunk [0x0x7ffe3429e8d7+23]\n\tRtlUserThreadStart [0x0x7ffe36388d9c+44]\n\n", "trace": "  File \"C:\\Users\\Dmitry\\AppData\\Local\\Programs\\Python\\Python313\\Lib\\site-packages\\allure_commons\\_allure.py\", line 202, in impl\n    return func(*a, **kw)\n  File \"C:\\Users\\Dmitry\\Desktop\\Python YP\\Diplom_3\\src\\pages\\recovery_page.py\", line 29, in check_active_show_button\n    assert self.waiting_visibility_element(self.ACTIVE_SHOW_PASSWORD)\n           ~~~~~~~~~~~~~~~~~~~~~~~~~~~~~~~^^^^^^^^^^^^^^^^^^^^^^^^^^^\n  File \"C:\\Users\\Dmitry\\Desktop\\Python YP\\Diplom_3\\src\\pages\\base_page.py\", line 23, in waiting_visibility_element\n    return WebDriverWait(self.driver, 5).until(expected_conditions.visibility_of_element_located(locator))\n           ~~~~~~~~~~~~~~~~~~~~~~~~~~~~~~~~~~~^^^^^^^^^^^^^^^^^^^^^^^^^^^^^^^^^^^^^^^^^^^^^^^^^^^^^^^^^^^^\n  File \"C:\\Users\\Dmitry\\AppData\\Local\\Programs\\Python\\Python313\\Lib\\site-packages\\selenium\\webdriver\\support\\wait.py\", line 138, in until\n    raise TimeoutException(message, screen, stacktrace)\n"}, "start": 1759068639658, "stop": 1759068649668}], "parameters": [{"name": "driver", "value": "'chrome'"}], "start": 1759068629076, "stop": 1759068649671, "uuid": "f601d2d1-64b6-4cc6-a8f9-38038a9909a6", "historyId": "350805d92d77439302ac5a95548ae0fa", "testCaseId": "a1b67c7d216840c5954313719845cdfb", "fullName": "tests.test_recovery_password.TestOrderHistoryPage#test_active_show_password_field", "labels": [{"name": "parentSuite", "value": "tests"}, {"name": "suite", "value": "test_recovery_password"}, {"name": "subSuite", "value": "TestOrderHistoryPage"}, {"name": "host", "value": "DESKTOP-A445VSF"}, {"name": "thread", "value": "30984-MainThread"}, {"name": "framework", "value": "pytest"}, {"name": "language", "value": "cpython3"}, {"name": "package", "value": "tests.test_recovery_password"}], "titlePath": ["tests", "test_recovery_password.py", "TestOrderHistoryPage"]}