{"name": "test_orders_info[chrome]", "status": "failed", "statusDetails": {"message": "AssertionError", "trace": "self = <tests.test_order.TestOrdersPage object at 0x000001C6F29EB890>\ndriver = <selenium.webdriver.chrome.webdriver.WebDriver (session=\"fcd4a2164082eb31b708f10dc60e1024\")>\nmain_page = <src.pages.main_page.MainStellarBurgersPage object at 0x000001C6F2F736C0>\ncreate_fake_user = {'email': 'luchezardoronin@example.org', 'name': 'Афанасьев Адриан Глебович', 'password': ')5VMg!g(p1'}\nregister_user = 'Bearer eyJhbGciOiJIUzI1NiIsInR5cCI6IkpXVCJ9.eyJpZCI6IjY4ZGFiY2U5OWVkMjgwMDAxYjZhZTZiZiIsImlhdCI6MTc1OTE2NTY3MywiZXhwIjoxNzU5MTY2ODczfQ.kucwTnfnKGUjQQx1dnS1o-iwEWwyDjjcu2dogHYaCVY'\n\n    def test_orders_info(self, driver: WebDriver, main_page, create_fake_user, register_user):\n        # Открыть главную страницу\n        main_page = MainStellarBurgersPage(driver)\n        # Нажать на кнопку Личного кабинета\n        authorization_form = main_page.click_personal_account()\n        # Ввод email\n        authorization_form.input_email(create_fake_user[\"email\"])\n        # Ввод пароля\n        authorization_form.input_password(create_fake_user[\"password\"])\n        # Нажать на кнопку Войти\n        personal_account = authorization_form.click_entry_button()\n        # Нажать на кпопку Лента заказов\n        list_orders = personal_account.click_list_order_button()\n        # Получения всех заказов до оформеления\n        all_orders = list_orders.get_all_orders()\n        # Получения всех заказов за текущий день до оформления\n        all_orders_today = list_orders.get_all_orders_today()\n        # Нажать на кнопку конструктора\n        constructor = personal_account.click_constructor_button()\n        # Добавление ингредиентов\n        constructor.drag_to_element()\n        # Нажать на кнопку оформления заказа\n        order = constructor.click_order_button()\n        # Проверка создания заказа\n        order.check_order_number()\n        # Закрыть окна оформления заказа через refresh\n        driver.refresh()\n        # Нажать на кнопку Личного кабинета\n        personal_account.click_personal_account()\n        # Нажать на кнопку с историей заказов\n        personal_account.click_order_history()\n        # Получаем номер заказа\n        order_number = personal_account.get_order_number()\n        # Нажать на кпопку Лента заказов\n        list_orders = personal_account.click_list_order_button()\n        # Проверка изменения увелечения счетчика Выполнено за всё время\n        list_orders.check_all_order(all_orders)\n        # Проверка изменения увелечения счетчика Выполнено за сегодня\n        list_orders.check_all_order_today(all_orders_today)\n        # Проверка номера заказа\n>       list_orders.check_order_in_work(order_number)\n\ntests\\test_order.py:120: \n_ _ _ _ _ _ _ _ _ _ _ _ _ _ _ _ _ _ _ _ _ _ _ _ _ _ _ _ _ _ _ _ _ _ _ _ _ _ _ _ _ _ _ _ _ _ _ _ _ _ _ _ _ _ _ _ _ _ _ _ _ _ _ _ _ _ _ _ _ _ _ \n\nself = <src.pages.list_order_page.ListOrderPage object at 0x000001C6F29C2650>, number = '#0297701'\n\n    @allure.step('Проверка номера заказа в работе')\n    def check_order_in_work(self, number):\n        number_in_work = self.get_all_order_in_work()\n        number_in_work = f'#{number_in_work}'\n>       assert number == number_in_work\n               ^^^^^^^^^^^^^^^^^^^^^^^^\nE       AssertionError\n\nsrc\\pages\\list_order_page.py:59: AssertionError"}, "steps": [{"name": "Нажать на Личный кабинет", "status": "passed", "start": 1759165710904, "stop": 1759165710997}, {"name": "Ввод email", "status": "passed", "parameters": [{"name": "email", "value": "'luchezardoronin@example.org'"}], "start": 1759165710997, "stop": 1759165711097}, {"name": "Ввод password", "status": "passed", "parameters": [{"name": "password", "value": "')5VMg!g(p1'"}], "start": 1759165711097, "stop": 1759165711150}, {"name": "Нажать на кнопку Войти", "status": "passed", "start": 1759165711150, "stop": 1759165711219}, {"name": "Нажать на Лента заказов", "status": "passed", "start": 1759165711219, "stop": 1759165711609}, {"name": "Получение всех заказов до оформления", "status": "passed", "start": 1759165711609, "stop": 1759165712328}, {"name": "Получение всех заказов за сегодня до оформления", "status": "passed", "start": 1759165712328, "stop": 1759165712339}, {"name": "Нажать на Конструктор", "status": "passed", "start": 1759165712339, "stop": 1759165712391}, {"name": "Добавить Флюоресцентная булка R2-D3 в заказ", "status": "passed", "start": 1759165712391, "stop": 1759165712957}, {"name": "Нажать на кнопку оформления заказа", "status": "passed", "start": 1759165712957, "stop": 1759165713013}, {"name": "Проверка появления номера заказа после оформления", "status": "passed", "start": 1759165713013, "stop": 1759165713025}, {"name": "Нажать на Личный кабинет", "status": "passed", "start": 1759165713239, "stop": 1759165713513}, {"name": "Нажать на История заказов", "status": "passed", "start": 1759165713514, "stop": 1759165713723}, {"name": "Получение номера заказа", "status": "passed", "start": 1759165713723, "stop": 1759165714423}, {"name": "Нажать на Лента заказов", "status": "passed", "start": 1759165714423, "stop": 1759165714484}, {"name": "Проверка изменения счетчика всех заказов", "status": "passed", "steps": [{"name": "Получение всех заказов до оформления", "status": "passed", "start": 1759165714485, "stop": 1759165715189}], "parameters": [{"name": "orders", "value": "'Выполнено за все время:\n297702'"}], "start": 1759165714485, "stop": 1759165715189}, {"name": "Проверка изменения счетчика всех заказов", "status": "passed", "steps": [{"name": "Получение всех заказов за сегодня до оформления", "status": "passed", "start": 1759165715189, "stop": 1759165715200}], "parameters": [{"name": "orders", "value": "'Выполнено за сегодня:\n470'"}], "start": 1759165715189, "stop": 1759165715200}, {"name": "Проверка номера заказа в работе", "status": "failed", "statusDetails": {"message": "AssertionError\n", "trace": "  File \"C:\\Users\\Dmitry\\AppData\\Local\\Programs\\Python\\Python313\\Lib\\site-packages\\allure_commons\\_allure.py\", line 202, in impl\n    return func(*a, **kw)\n  File \"C:\\Users\\Dmitry\\Desktop\\Python YP\\Diplom_3\\src\\pages\\list_order_page.py\", line 59, in check_order_in_work\n    assert number == number_in_work\n           ^^^^^^^^^^^^^^^^^^^^^^^^\n"}, "steps": [{"name": "Получение заказа в работе", "status": "passed", "start": 1759165715200, "stop": 1759165718803}], "parameters": [{"name": "number", "value": "'#0297701'"}], "start": 1759165715200, "stop": 1759165718803}], "parameters": [{"name": "driver", "value": "'chrome'"}], "start": 1759165710904, "stop": 1759165718814, "uuid": "9fc0d0d2-45b2-410a-91aa-45e9042e1059", "historyId": "d82ff515338dc30f4ec556277ab85768", "testCaseId": "79dfe4f2d5014986625cb7ed9d87f755", "fullName": "tests.test_order.TestOrdersPage#test_orders_info", "labels": [{"name": "parentSuite", "value": "tests"}, {"name": "suite", "value": "test_order"}, {"name": "subSuite", "value": "TestOrdersPage"}, {"name": "host", "value": "DESKTOP-A445VSF"}, {"name": "thread", "value": "31380-MainThread"}, {"name": "framework", "value": "pytest"}, {"name": "language", "value": "cpython3"}, {"name": "package", "value": "tests.test_order"}], "titlePath": ["tests", "test_order.py", "TestOrdersPage"]}